<?xml version="1.0" encoding="utf-8"?><testsuites name="pytest tests"><testsuite name="pytest" errors="0" failures="0" skipped="0" tests="24" time="1.836" timestamp="2026-01-19T13:38:34.430186+00:00" hostname="agent-env-d08700e1-70b7-48fd-94c2-b6c1479c5ef9"><testcase classname="tests.test_birthday_bonus.TestBirthdayBonusSetup" name="test_create_birthday_test_member" time="0.081" /><testcase classname="tests.test_birthday_bonus.TestSetBirthday" name="test_set_birthday_valid_format" time="0.038" /><testcase classname="tests.test_birthday_bonus.TestSetBirthday" name="test_set_birthday_invalid_format" time="0.041" /><testcase classname="tests.test_birthday_bonus.TestSetBirthday" name="test_set_birthday_invalid_month" time="0.041" /><testcase classname="tests.test_birthday_bonus.TestSetBirthday" name="test_set_birthday_invalid_day" time="0.038" /><testcase classname="tests.test_birthday_bonus.TestSetBirthday" name="test_set_birthday_nonexistent_member" time="0.042" /><testcase classname="tests.test_birthday_bonus.TestBirthdayStatus" name="test_birthday_status_with_birthday_today" time="0.080" /><testcase classname="tests.test_birthday_bonus.TestBirthdayStatus" name="test_birthday_status_no_birthday_set" time="0.119" /><testcase classname="tests.test_birthday_bonus.TestBirthdayStatus" name="test_birthday_status_nonexistent_member" time="0.040" /><testcase classname="tests.test_birthday_bonus.TestClaimBirthdayBonus" name="test_claim_birthday_bonus_success" time="0.125" /><testcase classname="tests.test_birthday_bonus.TestClaimBirthdayBonus" name="test_claim_birthday_bonus_already_claimed" time="0.079" /><testcase classname="tests.test_birthday_bonus.TestClaimBirthdayBonus" name="test_claim_birthday_bonus_not_birthday" time="0.116" /><testcase classname="tests.test_birthday_bonus.TestClaimBirthdayBonus" name="test_claim_birthday_bonus_no_birthday_set" time="0.119" /><testcase classname="tests.test_birthday_bonus.TestClaimBirthdayBonus" name="test_claim_birthday_bonus_nonexistent_member" time="0.081" /><testcase classname="tests.test_birthday_bonus.TestTodaysBirthdays" name="test_get_todays_birthdays_authenticated" time="0.303" /><testcase classname="tests.test_birthday_bonus.TestTodaysBirthdays" name="test_get_todays_birthdays_unauthenticated" time="0.081" /><testcase classname="tests.test_birthday_bonus.TestLoyaltyProgramRegression" name="test_member_lookup" time="0.038" /><testcase classname="tests.test_birthday_bonus.TestLoyaltyProgramRegression" name="test_earn_points" time="0.041" /><testcase classname="tests.test_birthday_bonus.TestLoyaltyProgramRegression" name="test_get_rewards" time="0.042" /><testcase classname="tests.test_birthday_bonus.TestLoyaltyProgramRegression" name="test_loyalty_config" time="0.035" /><testcase classname="tests.test_birthday_bonus.TestReferralSystemRegression" name="test_get_referral_code" time="0.038" /><testcase classname="tests.test_birthday_bonus.TestReferralSystemRegression" name="test_apply_referral_invalid_code" time="0.042" /><testcase classname="tests.test_birthday_bonus.TestBirthdayBonusVerification" name="test_verify_bonus_points_added" time="0.037" /><testcase classname="tests.test_birthday_bonus.TestBirthdayBonusVerification" name="test_verify_birthday_status_after_claim" time="0.040" /></testsuite></testsuites>