<?xml version="1.0" encoding="utf-8"?><testsuites name="pytest tests"><testsuite name="pytest" errors="0" failures="0" skipped="0" tests="18" time="1.104" timestamp="2026-01-19T11:19:28.775151+00:00" hostname="agent-env-e603eef3-4790-4739-a9f2-136f9fef2b51"><testcase classname="tests.test_kiosk_combos_promotions.TestComboPublicEndpoints" name="test_get_combos_returns_list" time="0.092" /><testcase classname="tests.test_kiosk_combos_promotions.TestComboPublicEndpoints" name="test_combo_has_required_fields" time="0.041" /><testcase classname="tests.test_kiosk_combos_promotions.TestComboAdminEndpoints" name="test_get_all_combos_requires_auth" time="0.037" /><testcase classname="tests.test_kiosk_combos_promotions.TestComboAdminEndpoints" name="test_get_all_combos_with_auth" time="0.301" /><testcase classname="tests.test_kiosk_combos_promotions.TestComboAdminEndpoints" name="test_create_combo" time="0.046" /><testcase classname="tests.test_kiosk_combos_promotions.TestComboAdminEndpoints" name="test_update_combo" time="0.044" /><testcase classname="tests.test_kiosk_combos_promotions.TestComboAdminEndpoints" name="test_delete_combo" time="0.038" /><testcase classname="tests.test_kiosk_combos_promotions.TestComboAdminEndpoints" name="test_create_combo_requires_auth" time="0.038" /><testcase classname="tests.test_kiosk_combos_promotions.TestPromotionPublicEndpoints" name="test_get_promotions_returns_list" time="0.039" /><testcase classname="tests.test_kiosk_combos_promotions.TestPromotionPublicEndpoints" name="test_promotion_has_required_fields" time="0.038" /><testcase classname="tests.test_kiosk_combos_promotions.TestPromotionAdminEndpoints" name="test_get_all_promotions_requires_auth" time="0.036" /><testcase classname="tests.test_kiosk_combos_promotions.TestPromotionAdminEndpoints" name="test_get_all_promotions_with_auth" time="0.037" /><testcase classname="tests.test_kiosk_combos_promotions.TestPromotionAdminEndpoints" name="test_create_promotion" time="0.036" /><testcase classname="tests.test_kiosk_combos_promotions.TestPromotionAdminEndpoints" name="test_update_promotion" time="0.036" /><testcase classname="tests.test_kiosk_combos_promotions.TestPromotionAdminEndpoints" name="test_delete_promotion" time="0.038" /><testcase classname="tests.test_kiosk_combos_promotions.TestPromotionAdminEndpoints" name="test_create_promotion_requires_auth" time="0.038" /><testcase classname="tests.test_kiosk_combos_promotions.TestHourFiltering" name="test_combo_hour_filtering_structure" time="0.035" /><testcase classname="tests.test_kiosk_combos_promotions.TestHourFiltering" name="test_promotion_hour_filtering_structure" time="0.037" /></testsuite></testsuites>