<?xml version="1.0" encoding="utf-8"?><testsuites name="pytest tests"><testsuite name="pytest" errors="0" failures="0" skipped="0" tests="15" time="1.132" timestamp="2026-01-18T19:17:02.034957+00:00" hostname="agent-env-37fd3e08-f134-43df-a06c-a30638f04947"><testcase classname="tests.test_delivery_platforms.TestDeliveryPlatformsAPI" name="test_get_all_platforms" time="0.336" /><testcase classname="tests.test_delivery_platforms.TestDeliveryPlatformsAPI" name="test_get_specific_platform_yemeksepeti" time="0.035" /><testcase classname="tests.test_delivery_platforms.TestDeliveryPlatformsAPI" name="test_get_unconfigured_platform" time="0.037" /><testcase classname="tests.test_delivery_platforms.TestDeliveryPlatformsAPI" name="test_save_platform_config_trendyol" time="0.044" /><testcase classname="tests.test_delivery_platforms.TestDeliveryPlatformsAPI" name="test_verify_saved_trendyol_config" time="0.040" /><testcase classname="tests.test_delivery_platforms.TestDeliveryPlatformsAPI" name="test_update_platform_config" time="0.045" /><testcase classname="tests.test_delivery_platforms.TestDeliveryPlatformsAPI" name="test_save_migros_config" time="0.034" /><testcase classname="tests.test_delivery_platforms.TestDeliveryPlatformsAPI" name="test_test_connection_enabled_platform" time="0.133" /><testcase classname="tests.test_delivery_platforms.TestDeliveryPlatformsAPI" name="test_test_connection_disabled_platform" time="0.040" /><testcase classname="tests.test_delivery_platforms.TestDeliveryPlatformsAPI" name="test_test_connection_unconfigured_platform" time="0.036" /><testcase classname="tests.test_delivery_platforms.TestDeliveryPlatformsAuth" name="test_get_platforms_without_auth" time="0.033" /><testcase classname="tests.test_delivery_platforms.TestDeliveryPlatformsAuth" name="test_save_platform_without_auth" time="0.073" /><testcase classname="tests.test_delivery_platforms.TestDeliveryPlatformsAuth" name="test_test_connection_without_auth" time="0.037" /><testcase classname="tests.test_delivery_platforms.TestDeliveryPlatformsValidation" name="test_save_platform_with_invalid_platform_name" time="0.035" /><testcase classname="tests.test_delivery_platforms.TestDeliveryPlatformsValidation" name="test_save_platform_with_empty_api_key" time="0.038" /></testsuite></testsuites>