<?xml version="1.0" encoding="utf-8"?><testsuites name="pytest tests"><testsuite name="pytest" errors="0" failures="0" skipped="0" tests="9" time="2.955" timestamp="2026-01-19T11:32:34.643151+00:00" hostname="agent-env-e603eef3-4790-4739-a9f2-136f9fef2b51"><testcase classname="tests.test_gift_product_feature.TestGiftProductFeature" name="test_get_combos_returns_gift_fields" time="0.286" /><testcase classname="tests.test_gift_product_feature.TestGiftProductFeature" name="test_premium_menu_has_mozarella_sticks_gift" time="0.368" /><testcase classname="tests.test_gift_product_feature.TestGiftProductFeature" name="test_double_xl_menu_has_mac_cheese_gift" time="0.271" /><testcase classname="tests.test_gift_product_feature.TestGiftProductFeature" name="test_combo_without_gift_has_null_fields" time="0.267" /><testcase classname="tests.test_gift_product_feature.TestGiftProductFeature" name="test_update_combo_with_gift_product" time="0.392" /><testcase classname="tests.test_gift_product_feature.TestGiftProductFeature" name="test_update_combo_remove_gift_product" time="0.337" /><testcase classname="tests.test_gift_product_feature.TestGiftProductFeature" name="test_create_combo_with_gift_product" time="0.321" /><testcase classname="tests.test_gift_product_feature.TestGiftProductFeature" name="test_gift_message_customization" time="0.337" /><testcase classname="tests.test_gift_product_feature.TestGiftProductValidation" name="test_gift_product_from_allowed_categories" time="0.312" /></testsuite></testsuites>