<?xml version="1.0" encoding="utf-8"?><testsuites name="pytest tests"><testsuite name="pytest" errors="0" failures="5" skipped="0" tests="9" time="2.767" timestamp="2026-01-19T11:31:39.186486+00:00" hostname="agent-env-e603eef3-4790-4739-a9f2-136f9fef2b51"><testcase classname="tests.test_gift_product_feature.TestGiftProductFeature" name="test_get_combos_returns_gift_fields" time="0.323" /><testcase classname="tests.test_gift_product_feature.TestGiftProductFeature" name="test_premium_menu_has_mozarella_sticks_gift" time="0.276" /><testcase classname="tests.test_gift_product_feature.TestGiftProductFeature" name="test_double_xl_menu_has_mac_cheese_gift" time="0.273" /><testcase classname="tests.test_gift_product_feature.TestGiftProductFeature" name="test_combo_without_gift_has_null_fields" time="0.278" /><testcase classname="tests.test_gift_product_feature.TestGiftProductFeature" name="test_update_combo_with_gift_product" time="0.347"><failure message="assert 401 == 200&#10; +  where 401 = &lt;Response [401]&gt;.status_code">tests/test_gift_product_feature.py:105: in test_update_combo_with_gift_product
    assert response.status_code == 200
E   assert 401 == 200
E    +  where 401 = &lt;Response [401]&gt;.status_code</failure></testcase><testcase classname="tests.test_gift_product_feature.TestGiftProductFeature" name="test_update_combo_remove_gift_product" time="0.276"><failure message="assert 401 == 200&#10; +  where 401 = &lt;Response [401]&gt;.status_code">tests/test_gift_product_feature.py:151: in test_update_combo_remove_gift_product
    assert response.status_code == 200
E   assert 401 == 200
E    +  where 401 = &lt;Response [401]&gt;.status_code</failure></testcase><testcase classname="tests.test_gift_product_feature.TestGiftProductFeature" name="test_create_combo_with_gift_product" time="0.286"><failure message="AssertionError: Create failed: {&quot;detail&quot;:&quot;Geçersiz token&quot;}&#10;assert 401 == 200&#10; +  where 401 = &lt;Response [401]&gt;.status_code">tests/test_gift_product_feature.py:211: in test_create_combo_with_gift_product
    assert create_response.status_code == 200, f"Create failed: {create_response.text}"
E   AssertionError: Create failed: {"detail":"Geçersiz token"}
E   assert 401 == 200
E    +  where 401 = &lt;Response [401]&gt;.status_code</failure></testcase><testcase classname="tests.test_gift_product_feature.TestGiftProductFeature" name="test_gift_message_customization" time="0.272"><failure message="assert 401 == 200&#10; +  where 401 = &lt;Response [401]&gt;.status_code">tests/test_gift_product_feature.py:230: in test_gift_message_customization
    assert response.status_code == 200
E   assert 401 == 200
E    +  where 401 = &lt;Response [401]&gt;.status_code</failure></testcase><testcase classname="tests.test_gift_product_feature.TestGiftProductValidation" name="test_gift_product_from_allowed_categories" time="0.320"><failure message="assert 401 == 200&#10; +  where 401 = &lt;Response [401]&gt;.status_code">tests/test_gift_product_feature.py:298: in test_gift_product_from_allowed_categories
    assert combos_response.status_code == 200
E   assert 401 == 200
E    +  where 401 = &lt;Response [401]&gt;.status_code</failure></testcase></testsuite></testsuites>