<?xml version="1.0" encoding="utf-8"?><testsuites name="pytest tests"><testsuite name="pytest" errors="0" failures="1" skipped="0" tests="12" time="4.062" timestamp="2026-01-19T11:01:37.023398+00:00" hostname="agent-env-e603eef3-4790-4739-a9f2-136f9fef2b51"><testcase classname="tests.test_kiosk_categories.TestKioskCategoryAPIs" name="test_get_categories_returns_list" time="0.330" /><testcase classname="tests.test_kiosk_categories.TestKioskCategoryAPIs" name="test_get_categories_sorted_by_order" time="0.280" /><testcase classname="tests.test_kiosk_categories.TestKioskCategoryAPIs" name="test_create_category_success" time="0.331" /><testcase classname="tests.test_kiosk_categories.TestKioskCategoryAPIs" name="test_create_category_without_auth_fails" time="0.306" /><testcase classname="tests.test_kiosk_categories.TestKioskCategoryAPIs" name="test_update_category_success" time="0.386" /><testcase classname="tests.test_kiosk_categories.TestKioskCategoryAPIs" name="test_delete_category_success" time="0.334" /><testcase classname="tests.test_kiosk_categories.TestKioskCategoryAPIs" name="test_delete_category_with_products_fails" time="0.284" /><testcase classname="tests.test_kiosk_categories.TestKioskCategoryAPIs" name="test_reorder_categories_success" time="0.424" /><testcase classname="tests.test_kiosk_categories.TestKioskCategoryAPIs" name="test_get_products_returns_list" time="0.271" /><testcase classname="tests.test_kiosk_categories.TestKioskProductAPIs" name="test_create_product_success" time="0.289" /><testcase classname="tests.test_kiosk_categories.TestKioskProductAPIs" name="test_update_product_success" time="0.276"><failure message="AttributeError: 'NoneType' object has no attribute 'get'">tests/test_kiosk_categories.py:334: in test_update_product_success
    assert data.get("name") == new_name
           ^^^^^^^^
E   AttributeError: 'NoneType' object has no attribute 'get'</failure></testcase><testcase classname="tests.test_kiosk_categories.TestKioskProductAPIs" name="test_delete_product_success" time="0.316" /></testsuite></testsuites>