<?xml version="1.0" encoding="utf-8"?><testsuites name="pytest tests"><testsuite name="pytest" errors="0" failures="0" skipped="0" tests="12" time="3.939" timestamp="2026-01-19T11:03:08.603722+00:00" hostname="agent-env-e603eef3-4790-4739-a9f2-136f9fef2b51"><testcase classname="tests.test_kiosk_categories.TestKioskCategoryAPIs" name="test_get_categories_returns_list" time="0.334" /><testcase classname="tests.test_kiosk_categories.TestKioskCategoryAPIs" name="test_get_categories_sorted_by_order" time="0.313" /><testcase classname="tests.test_kiosk_categories.TestKioskCategoryAPIs" name="test_create_category_success" time="0.338" /><testcase classname="tests.test_kiosk_categories.TestKioskCategoryAPIs" name="test_create_category_without_auth_fails" time="0.303" /><testcase classname="tests.test_kiosk_categories.TestKioskCategoryAPIs" name="test_update_category_success" time="0.426" /><testcase classname="tests.test_kiosk_categories.TestKioskCategoryAPIs" name="test_delete_category_success" time="0.338" /><testcase classname="tests.test_kiosk_categories.TestKioskCategoryAPIs" name="test_delete_category_with_products_fails" time="0.321" /><testcase classname="tests.test_kiosk_categories.TestKioskCategoryAPIs" name="test_reorder_categories_success" time="0.344" /><testcase classname="tests.test_kiosk_categories.TestKioskCategoryAPIs" name="test_get_products_returns_list" time="0.268" /><testcase classname="tests.test_kiosk_categories.TestKioskProductAPIs" name="test_create_product_success" time="0.281" /><testcase classname="tests.test_kiosk_categories.TestKioskProductAPIs" name="test_update_product_success" time="0.340" /><testcase classname="tests.test_kiosk_categories.TestKioskProductAPIs" name="test_delete_product_success" time="0.277" /></testsuite></testsuites>