<?xml version="1.0" encoding="utf-8"?><testsuites name="pytest tests"><testsuite name="pytest" errors="0" failures="0" skipped="0" tests="14" time="9.830" timestamp="2026-01-18T21:48:21.001136+00:00" hostname="agent-env-1e57f3b6-0a7b-4dcf-9bf3-2c374291e13d"><testcase classname="tests.test_kitchen_api.TestKitchenAPI" name="test_salon_display_no_auth_required" time="0.336" /><testcase classname="tests.test_kitchen_api.TestKitchenAPI" name="test_kitchen_orders_requires_auth" time="0.302" /><testcase classname="tests.test_kitchen_api.TestKitchenAPI" name="test_get_kitchen_orders" time="0.321" /><testcase classname="tests.test_kitchen_api.TestKitchenAPI" name="test_get_kitchen_orders_with_status_filter" time="0.276" /><testcase classname="tests.test_kitchen_api.TestKitchenAPI" name="test_kitchen_stats_requires_auth" time="0.334" /><testcase classname="tests.test_kitchen_api.TestKitchenAPI" name="test_get_kitchen_stats" time="0.269" /><testcase classname="tests.test_kitchen_api.TestKitchenAPI" name="test_update_order_status_requires_auth" time="0.299" /><testcase classname="tests.test_kitchen_api.TestKitchenAPI" name="test_update_order_status_not_found" time="0.266" /><testcase classname="tests.test_kitchen_api.TestKitchenAPI" name="test_update_order_status_flow" time="0.335" /><testcase classname="tests.test_kitchen_api.TestKitchenAPI" name="test_pos_order_queue_number_takeaway" time="0.284" /><testcase classname="tests.test_kitchen_api.TestKitchenAPI" name="test_pos_order_queue_number_table" time="0.314" /><testcase classname="tests.test_kitchen_api.TestKitchenAPI" name="test_get_ready_orders" time="0.269" /><testcase classname="tests.test_kitchen_api.TestKitchenAPI" name="test_print_endpoint_exists" time="5.331" /><testcase classname="tests.test_kitchen_api.TestKitchenIntegration" name="test_full_kitchen_workflow" time="0.761" /></testsuite></testsuites>