<?xml version="1.0" encoding="utf-8"?><testsuites name="pytest tests"><testsuite name="pytest" errors="0" failures="0" skipped="0" tests="17" time="1.173" timestamp="2026-01-19T11:46:19.932987+00:00" hostname="agent-env-e603eef3-4790-4739-a9f2-136f9fef2b51"><testcase classname="tests.test_loyalty_program.TestLoyaltyConfig" name="test_get_loyalty_config" time="0.072" /><testcase classname="tests.test_loyalty_program.TestLoyaltyConfig" name="test_tier_thresholds" time="0.042" /><testcase classname="tests.test_loyalty_program.TestLoyaltyRewards" name="test_get_rewards_list" time="0.037" /><testcase classname="tests.test_loyalty_program.TestLoyaltyRewards" name="test_rewards_have_correct_types" time="0.041" /><testcase classname="tests.test_loyalty_program.TestLoyaltyRewards" name="test_default_rewards_exist" time="0.045" /><testcase classname="tests.test_loyalty_program.TestMemberLookup" name="test_lookup_existing_member" time="0.045" /><testcase classname="tests.test_loyalty_program.TestMemberLookup" name="test_create_new_member" time="0.042" /><testcase classname="tests.test_loyalty_program.TestMemberLookup" name="test_invalid_phone_number" time="0.039" /><testcase classname="tests.test_loyalty_program.TestMemberLookup" name="test_phone_number_cleaning" time="0.040" /><testcase classname="tests.test_loyalty_program.TestEarnPoints" name="test_earn_points_basic" time="0.120" /><testcase classname="tests.test_loyalty_program.TestEarnPoints" name="test_earn_points_with_tier_bonus" time="0.148" /><testcase classname="tests.test_loyalty_program.TestEarnPoints" name="test_earn_points_nonexistent_member" time="0.036" /><testcase classname="tests.test_loyalty_program.TestRedeemReward" name="test_redeem_reward_insufficient_points" time="0.073" /><testcase classname="tests.test_loyalty_program.TestRedeemReward" name="test_redeem_reward_success" time="0.106" /><testcase classname="tests.test_loyalty_program.TestRedeemReward" name="test_redeem_nonexistent_reward" time="0.040" /><testcase classname="tests.test_loyalty_program.TestTierUpgrade" name="test_tier_calculation" time="0.114" /><testcase classname="tests.test_loyalty_program.TestTierUpgrade" name="test_next_tier_info" time="0.035" /></testsuite></testsuites>