<?xml version="1.0" encoding="utf-8"?><testsuites name="pytest tests"><testsuite name="pytest" errors="0" failures="2" skipped="0" tests="11" time="0.998" timestamp="2026-01-16T12:03:56.208247+00:00" hostname="agent-env-b40ba9fd-b034-4422-95b8-4355499d1078"><testcase classname="tests.test_dealer_portal.TestDealerPortalLogin" name="test_dealer_login_success" time="0.098" /><testcase classname="tests.test_dealer_portal.TestDealerPortalLogin" name="test_dealer_login_invalid_credentials" time="0.033" /><testcase classname="tests.test_dealer_portal.TestDealerPortalLogin" name="test_dealer_login_missing_fields" time="0.036" /><testcase classname="tests.test_dealer_portal.TestDealerPortalProducts" name="test_get_products" time="0.074" /><testcase classname="tests.test_dealer_portal.TestDealerPortalProducts" name="test_products_unauthorized" time="0.072"><failure message="AssertionError: Should return 401 without auth&#10;assert 403 == 401&#10; +  where 403 = &lt;Response [403]&gt;.status_code">tests/test_dealer_portal.py:89: in test_products_unauthorized
    assert response.status_code == 401, "Should return 401 without auth"
E   AssertionError: Should return 401 without auth
E   assert 403 == 401
E    +  where 403 = &lt;Response [403]&gt;.status_code</failure></testcase><testcase classname="tests.test_dealer_portal.TestDealerPortalOrders" name="test_get_orders" time="0.077" /><testcase classname="tests.test_dealer_portal.TestDealerPortalOrders" name="test_create_order" time="0.154" /><testcase classname="tests.test_dealer_portal.TestDealerPortalOrders" name="test_create_order_empty_cart" time="0.069"><failure message="AssertionError: Should reject empty cart&#10;assert 200 in [400, 422]&#10; +  where 200 = &lt;Response [200]&gt;.status_code">tests/test_dealer_portal.py:201: in test_create_order_empty_cart
    assert response.status_code in [400, 422], "Should reject empty cart"
E   AssertionError: Should reject empty cart
E   assert 200 in [400, 422]
E    +  where 200 = &lt;Response [200]&gt;.status_code</failure></testcase><testcase classname="tests.test_dealer_portal.TestDealerPortalInvoices" name="test_get_invoices" time="0.075" /><testcase classname="tests.test_dealer_portal.TestDealerPortalCampaigns" name="test_get_campaigns" time="0.107" /><testcase classname="tests.test_dealer_portal.TestDealerPortalPayments" name="test_get_payments" time="0.073" /></testsuite></testsuites>