<?xml version="1.0" encoding="utf-8"?><testsuites name="pytest tests"><testsuite name="pytest" errors="0" failures="0" skipped="0" tests="11" time="0.871" timestamp="2026-01-16T12:04:16.909678+00:00" hostname="agent-env-b40ba9fd-b034-4422-95b8-4355499d1078"><testcase classname="tests.test_dealer_portal.TestDealerPortalLogin" name="test_dealer_login_success" time="0.073" /><testcase classname="tests.test_dealer_portal.TestDealerPortalLogin" name="test_dealer_login_invalid_credentials" time="0.034" /><testcase classname="tests.test_dealer_portal.TestDealerPortalLogin" name="test_dealer_login_missing_fields" time="0.032" /><testcase classname="tests.test_dealer_portal.TestDealerPortalProducts" name="test_get_products" time="0.073" /><testcase classname="tests.test_dealer_portal.TestDealerPortalProducts" name="test_products_unauthorized" time="0.037" /><testcase classname="tests.test_dealer_portal.TestDealerPortalOrders" name="test_get_orders" time="0.068" /><testcase classname="tests.test_dealer_portal.TestDealerPortalOrders" name="test_create_order" time="0.165" /><testcase classname="tests.test_dealer_portal.TestDealerPortalOrders" name="test_create_order_empty_cart" time="0.112" /><testcase classname="tests.test_dealer_portal.TestDealerPortalInvoices" name="test_get_invoices" time="0.070" /><testcase classname="tests.test_dealer_portal.TestDealerPortalCampaigns" name="test_get_campaigns" time="0.070" /><testcase classname="tests.test_dealer_portal.TestDealerPortalPayments" name="test_get_payments" time="0.071" /></testsuite></testsuites>