<?xml version="1.0" encoding="utf-8"?><testsuites name="pytest tests"><testsuite name="pytest" errors="0" failures="0" skipped="0" tests="17" time="4.457" timestamp="2026-01-19T12:32:45.161730+00:00" hostname="agent-env-e603eef3-4790-4739-a9f2-136f9fef2b51"><testcase classname="tests.test_referral_system.TestReferralSystem" name="test_01_create_referrer_member" time="0.309" /><testcase classname="tests.test_referral_system.TestReferralSystem" name="test_02_get_referral_code" time="0.272" /><testcase classname="tests.test_referral_system.TestReferralSystem" name="test_03_create_new_member_for_referral" time="0.279" /><testcase classname="tests.test_referral_system.TestReferralSystem" name="test_04_apply_referral_code_success" time="0.288" /><testcase classname="tests.test_referral_system.TestReferralSystem" name="test_05_verify_both_members_got_bonus" time="0.330" /><testcase classname="tests.test_referral_system.TestReferralSystem" name="test_06_cannot_use_own_referral_code" time="0.322" /><testcase classname="tests.test_referral_system.TestReferralSystem" name="test_07_cannot_use_referral_code_twice" time="0.285" /><testcase classname="tests.test_referral_system.TestReferralSystem" name="test_08_invalid_referral_code" time="0.310" /><testcase classname="tests.test_referral_system.TestReferralSystem" name="test_09_referral_count_incremented" time="0.270" /><testcase classname="tests.test_referral_system.TestCleanupTestProducts" name="test_01_create_test_product" time="0.318" /><testcase classname="tests.test_referral_system.TestCleanupTestProducts" name="test_02_verify_test_product_exists" time="0.268" /><testcase classname="tests.test_referral_system.TestCleanupTestProducts" name="test_03_cleanup_test_products" time="0.315" /><testcase classname="tests.test_referral_system.TestCleanupTestProducts" name="test_04_verify_test_products_removed" time="0.273" /><testcase classname="tests.test_referral_system.TestCleanupTestProducts" name="test_05_cleanup_requires_auth" time="0.294" /><testcase classname="tests.test_referral_system.TestReferralEdgeCases" name="test_01_nonexistent_member_referral_code" time="0.037" /><testcase classname="tests.test_referral_system.TestReferralEdgeCases" name="test_02_apply_referral_nonexistent_member" time="0.039" /><testcase classname="tests.test_referral_system.TestReferralEdgeCases" name="test_03_empty_referral_code" time="0.054" /></testsuite></testsuites>